<?xml version="1.0" encoding="UTF-8" standalone="no"?>
<testsuite errors="0" failures="1" name="io.cucumber.core.plugin.JUnitFormatter" skipped="0" tests="3" time="46.509">
    <testcase classname="US1001 Amazon Search" name="TC01 kullanici amazonda Nutella aratir" time="23.196">
        <failure message="no such element: Unable to locate element: {&quot;method&quot;:&quot;css selector&quot;,&quot;selector&quot;:&quot;#twotabsearchtextbox&quot;}&#10;  (Session info: chrome=103.0.5060.134)&#10;For documentation on this error, please visit: https://selenium.dev/exceptions/#no_such_element&#10;Build info: version: '4.1.3', revision: '7b1ebf28ef'&#10;System info: host: 'DESKTOP-6U1HIQ0', ip: '192.168.1.174', os.name: 'Windows 10', os.arch: 'amd64', os.version: '10.0', java.version: '11.0.15'&#10;Driver info: org.openqa.selenium.chrome.ChromeDriver&#10;Command: [ee5cf10c6a766f09e9dea4e29383a781, findElement {using=id, value=twotabsearchtextbox}]&#10;Capabilities {acceptInsecureCerts: false, browserName: chrome, browserVersion: 103.0.5060.134, chrome: {chromedriverVersion: 103.0.5060.134 (8ec6fce403b..., userDataDir: C:\Users\ayber\AppData\Loca...}, goog:chromeOptions: {debuggerAddress: localhost:59676}, javascriptEnabled: true, networkConnectionEnabled: false, pageLoadStrategy: normal, platform: WINDOWS, platformName: WINDOWS, proxy: Proxy(), se:cdp: ws://localhost:59676/devtoo..., se:cdpVersion: 103.0.5060.134, setWindowRect: true, strictFileInteractability: false, timeouts: {implicit: 0, pageLoad: 300000, script: 30000}, unhandledPromptBehavior: dismiss and notify, webauthn:extension:credBlob: true, webauthn:extension:largeBlob: true, webauthn:virtualAuthenticators: true}&#10;Session ID: ee5cf10c6a766f09e9dea4e29383a781" type="org.openqa.selenium.NoSuchElementException">
            <![CDATA[Given kullanici amazon anasayfasinda........................................passed
Then kullanici Nutella icin arama yapar.....................................failed
And sonuclarin Nutella icerdigini test eder.................................skipped
And sayfayi kapatir.........................................................skipped

StackTrace:
org.openqa.selenium.NoSuchElementException: no such element: Unable to locate element: {"method":"css selector","selector":"#twotabsearchtextbox"}
  (Session info: chrome=103.0.5060.134)
For documentation on this error, please visit: https://selenium.dev/exceptions/#no_such_element
Build info: version: '4.1.3', revision: '7b1ebf28ef'
System info: host: 'DESKTOP-6U1HIQ0', ip: '192.168.1.174', os.name: 'Windows 10', os.arch: 'amd64', os.version: '10.0', java.version: '11.0.15'
Driver info: org.openqa.selenium.chrome.ChromeDriver
Command: [ee5cf10c6a766f09e9dea4e29383a781, findElement {using=id, value=twotabsearchtextbox}]
Capabilities {acceptInsecureCerts: false, browserName: chrome, browserVersion: 103.0.5060.134, chrome: {chromedriverVersion: 103.0.5060.134 (8ec6fce403b..., userDataDir: C:\Users\ayber\AppData\Loca...}, goog:chromeOptions: {debuggerAddress: localhost:59676}, javascriptEnabled: true, networkConnectionEnabled: false, pageLoadStrategy: normal, platform: WINDOWS, platformName: WINDOWS, proxy: Proxy(), se:cdp: ws://localhost:59676/devtoo..., se:cdpVersion: 103.0.5060.134, setWindowRect: true, strictFileInteractability: false, timeouts: {implicit: 0, pageLoad: 300000, script: 30000}, unhandledPromptBehavior: dismiss and notify, webauthn:extension:credBlob: true, webauthn:extension:largeBlob: true, webauthn:virtualAuthenticators: true}
Session ID: ee5cf10c6a766f09e9dea4e29383a781
	at java.base/jdk.internal.reflect.NativeConstructorAccessorImpl.newInstance0(Native Method)
	at java.base/jdk.internal.reflect.NativeConstructorAccessorImpl.newInstance(NativeConstructorAccessorImpl.java:62)
	at java.base/jdk.internal.reflect.DelegatingConstructorAccessorImpl.newInstance(DelegatingConstructorAccessorImpl.java:45)
	at java.base/java.lang.reflect.Constructor.newInstance(Constructor.java:490)
	at org.openqa.selenium.remote.codec.w3c.W3CHttpResponseCodec.createException(W3CHttpResponseCodec.java:200)
	at org.openqa.selenium.remote.codec.w3c.W3CHttpResponseCodec.decode(W3CHttpResponseCodec.java:133)
	at org.openqa.selenium.remote.codec.w3c.W3CHttpResponseCodec.decode(W3CHttpResponseCodec.java:53)
	at org.openqa.selenium.remote.HttpCommandExecutor.execute(HttpCommandExecutor.java:184)
	at org.openqa.selenium.remote.service.DriverCommandExecutor.invokeExecute(DriverCommandExecutor.java:167)
	at org.openqa.selenium.remote.service.DriverCommandExecutor.execute(DriverCommandExecutor.java:142)
	at org.openqa.selenium.remote.RemoteWebDriver.execute(RemoteWebDriver.java:567)
	at org.openqa.selenium.remote.ElementLocation$ElementFinder$2.findElement(ElementLocation.java:162)
	at org.openqa.selenium.remote.ElementLocation.findElement(ElementLocation.java:66)
	at org.openqa.selenium.remote.RemoteWebDriver.findElement(RemoteWebDriver.java:385)
	at org.openqa.selenium.remote.RemoteWebDriver.findElement(RemoteWebDriver.java:377)
	at org.openqa.selenium.support.pagefactory.DefaultElementLocator.findElement(DefaultElementLocator.java:70)
	at org.openqa.selenium.support.pagefactory.internal.LocatingElementHandler.invoke(LocatingElementHandler.java:39)
	at com.sun.proxy.$Proxy23.sendKeys(Unknown Source)
	at stepDefinitions.AmazonStepDefinitions.kullanici_nutella_icin_arama_yapar(AmazonStepDefinitions.java:24)
	at âœ½.kullanici Nutella icin arama yapar(file:///C:/Users/ayber/IdeaProjects/CucumberBatch59/src/test/resources/features/US1001_amazonsearch.feature:7)
]]>
        </failure>
    </testcase>
    <testcase classname="US1003 kullanici parametre kullanarak arama yapabilmeli" name="TC06_ kullanici parametre ile amazonda arama yapabilmeli" time="12.074">
        <system-out>
            <![CDATA[Given kullanici amazon anasayfasinda........................................passed
And kullanici "Java" icin arama yapar.......................................passed
And sonucun "Java" icerdigini test eder.....................................passed
Then sayfayi kapatir........................................................passed
]]>
        </system-out>
    </testcase>
    <testcase classname="US1004 Kullanici parametre ile configuration file'i kullabilmeli" name="TC07 configuration properties dosyasindan parametre kullanimi" time="11.044">
        <system-out>
            <![CDATA[Given kullanici "youtubeUrl" anasayfasinda..................................passed
Then kullanici 2 sn bekler..................................................passed
And url'in "youtube" icerdigini test eder...................................passed
Then sayfayi kapatir........................................................passed
]]>
        </system-out>
    </testcase>
</testsuite>
